[11/12/18 7:07:31 PM]: CASCHandlerBase: loading CDN indices...
[11/12/18 7:07:32 PM]: CDNIndexHandler.Initialize() completed in 00:00:01.4956271
[11/12/18 7:07:32 PM]: CASCHandlerBase: loaded 1379317 CDN indexes
[11/12/18 7:07:32 PM]: CASCHandlerBase: loading local indices...
[11/12/18 7:07:33 PM]: LocalIndexHandler: loaded 207485 indexes
[11/12/18 7:07:33 PM]: LocalIndexHandler.Initialize() completed in 00:00:00.1590370
[11/12/18 7:07:33 PM]: CASCHandlerBase: loaded 207485 local indexes
[11/12/18 7:07:33 PM]: CASCHandler: loading encoding data...
[11/12/18 7:07:33 PM]: new EncodingHandler() completed in 00:00:00.9474144
[11/12/18 7:07:33 PM]: CASCHandler: loaded 1246170 encoding data
[11/12/18 7:07:33 PM]: CASCHandler: loading root data...
[11/12/18 7:07:34 PM]: new RootHandler() completed in 00:00:00.8801181
[11/12/18 7:07:34 PM]: CASCHandler: loaded 1205028 root data
[11/12/18 7:07:34 PM]: new CASCHandler() completed in 00:00:03.5144419
[11/12/18 7:07:34 PM]: MNDXRootHandler: loading file names...
[11/12/18 7:08:08 PM]: MNDXRootHandler: loaded 1205028 file names
[11/12/18 7:08:11 PM]: MNDXRootHandler::SetFlags() completed in 00:00:02.7391238
[11/12/18 7:08:55 PM]: LocalIndexHandler: missing index: C5ACDCF701C7DB53FB00000000000000
[11/12/18 7:08:55 PM]: Local index missing: C5ACDCF701C7DB53FBA4C22E35E515D9
[11/12/18 7:08:57 PM]: LocalIndexHandler: missing index: 11F18D5222BBE4A70500000000000000
[11/12/18 7:08:57 PM]: Local index missing: 11F18D5222BBE4A705E76B7BBB562CD8
[11/12/18 7:08:59 PM]: LocalIndexHandler: missing index: 9F4DF13866861A5E8E00000000000000
[11/12/18 7:08:59 PM]: Local index missing: 9F4DF13866861A5E8E71A9A94ACE055B
[11/12/18 7:08:59 PM]: LocalIndexHandler: missing index: 27DAF30716AAF2353500000000000000
[11/12/18 7:08:59 PM]: Local index missing: 27DAF30716AAF23535673A1825A3E722
[11/12/18 7:08:59 PM]: LocalIndexHandler: missing index: D508334EE9353CDF9D00000000000000
[11/12/18 7:08:59 PM]: Local index missing: D508334EE9353CDF9D1538A11755B59F
[11/12/18 7:08:59 PM]: LocalIndexHandler: missing index: 59637542E82D42AF2A00000000000000
[11/12/18 7:08:59 PM]: Local index missing: 59637542E82D42AF2AB0197AA6C00242
[11/12/18 7:08:59 PM]: LocalIndexHandler: missing index: FFE3E2E807AF0F1E6700000000000000
[11/12/18 7:08:59 PM]: Local index missing: FFE3E2E807AF0F1E67BADEC957A0091E
[11/12/18 7:08:59 PM]: LocalIndexHandler: missing index: 57187AA7D909471F1800000000000000
[11/12/18 7:08:59 PM]: Local index missing: 57187AA7D909471F18DB2E68553DEE39
[11/12/18 7:08:59 PM]: LocalIndexHandler: missing index: 74802DCA015F92253A00000000000000
[11/12/18 7:08:59 PM]: Local index missing: 74802DCA015F92253AB1C2E857E15AC4
[11/12/18 7:08:59 PM]: LocalIndexHandler: missing index: E67F32E30A981D6A9F00000000000000
[11/12/18 7:08:59 PM]: Local index missing: E67F32E30A981D6A9FA971D5BD9FB902
[11/12/18 7:09:00 PM]: LocalIndexHandler: missing index: 34366DE7A62125FBD100000000000000
[11/12/18 7:09:00 PM]: Local index missing: 34366DE7A62125FBD1474DB1EED02EEB
[11/12/18 7:09:00 PM]: LocalIndexHandler: missing index: 834AEC129F438DAA0200000000000000
[11/12/18 7:09:00 PM]: Local index missing: 834AEC129F438DAA022D8720704E5621
[11/12/18 7:09:00 PM]: LocalIndexHandler: missing index: AAD5D0DE08464F851F00000000000000
[11/12/18 7:09:00 PM]: Local index missing: AAD5D0DE08464F851F28138FB0E1066A
[11/12/18 7:09:00 PM]: LocalIndexHandler: missing index: 4CB9C42823A0A318FB00000000000000
[11/12/18 7:09:00 PM]: Local index missing: 4CB9C42823A0A318FBDB6ACAFCC387DA
[11/12/18 7:09:00 PM]: LocalIndexHandler: missing index: 8FAA47660C21A6C3DE00000000000000
[11/12/18 7:09:00 PM]: Local index missing: 8FAA47660C21A6C3DE2FA83D2464E23D
[11/12/18 7:09:00 PM]: LocalIndexHandler: missing index: 5D1D0C6615639DCF9500000000000000
[11/12/18 7:09:00 PM]: Local index missing: 5D1D0C6615639DCF95BB51BE2B593381
[11/12/18 7:09:00 PM]: LocalIndexHandler: missing index: EBB7B784463730F6DD00000000000000
[11/12/18 7:09:00 PM]: Local index missing: EBB7B784463730F6DD3A6F85103F4712
[11/12/18 7:09:00 PM]: LocalIndexHandler: missing index: 9BEE790168355FD7CE00000000000000
[11/12/18 7:09:00 PM]: Local index missing: 9BEE790168355FD7CE4B92506B50599C
[11/12/18 7:09:00 PM]: LocalIndexHandler: missing index: 9A26C41751FCDCF07800000000000000
[11/12/18 7:09:00 PM]: Local index missing: 9A26C41751FCDCF0781B4165A42E2639
[11/12/18 7:09:00 PM]: LocalIndexHandler: missing index: BC4CBFFED9D673CED500000000000000
[11/12/18 7:09:00 PM]: Local index missing: BC4CBFFED9D673CED5CFC6FA27DC2C8D
[11/12/18 7:09:01 PM]: LocalIndexHandler: missing index: 9D0E9BB6B0631B1F2C00000000000000
[11/12/18 7:09:01 PM]: Local index missing: 9D0E9BB6B0631B1F2C6E6BA4F99A0243
[11/12/18 7:09:01 PM]: LocalIndexHandler: missing index: 02155D76C9EC0FC70300000000000000
[11/12/18 7:09:01 PM]: Local index missing: 02155D76C9EC0FC70345658DE1FCE409
[11/12/18 7:09:01 PM]: LocalIndexHandler: missing index: E02EB3873246AE851000000000000000
[11/12/18 7:09:01 PM]: Local index missing: E02EB3873246AE8510794686B15252FA
[11/12/18 7:09:01 PM]: LocalIndexHandler: missing index: A6B2785B7941F2CD9B00000000000000
[11/12/18 7:09:01 PM]: Local index missing: A6B2785B7941F2CD9BF34A936B9AF792
[11/12/18 7:09:01 PM]: LocalIndexHandler: missing index: BF8453248D677DDB6C00000000000000
[11/12/18 7:09:01 PM]: Local index missing: BF8453248D677DDB6CE7778F2E4A70B9
[11/12/18 7:09:01 PM]: LocalIndexHandler: missing index: C1F4C1C512C2EEA35300000000000000
[11/12/18 7:09:01 PM]: Local index missing: C1F4C1C512C2EEA353D79906A0940BE4
[11/12/18 7:09:01 PM]: LocalIndexHandler: missing index: 57BDF044A012381A8F00000000000000
[11/12/18 7:09:01 PM]: Local index missing: 57BDF044A012381A8FB11AC055B63C8D
[11/12/18 7:09:01 PM]: LocalIndexHandler: missing index: 6193DED2B3E145883400000000000000
[11/12/18 7:09:01 PM]: Local index missing: 6193DED2B3E14588349C81F869D63CBF
[11/12/18 7:09:01 PM]: LocalIndexHandler: missing index: CA1BC6C5C7C0F2AEC000000000000000
[11/12/18 7:09:01 PM]: Local index missing: CA1BC6C5C7C0F2AEC0F6C849AE95C2C5
[11/12/18 7:09:01 PM]: LocalIndexHandler: missing index: 96CA94792CA70F593D00000000000000
[11/12/18 7:09:01 PM]: Local index missing: 96CA94792CA70F593D1343C2534C44C1
[11/12/18 7:09:02 PM]: LocalIndexHandler: missing index: 70B3935E1CE221391E00000000000000
[11/12/18 7:09:02 PM]: Local index missing: 70B3935E1CE221391E2158BBEFD13196
[11/12/18 7:09:02 PM]: LocalIndexHandler: missing index: 1E1DA0B1BD95AD418500000000000000
[11/12/18 7:09:02 PM]: Local index missing: 1E1DA0B1BD95AD4185CB35DF345F9BAB
[11/12/18 7:09:02 PM]: LocalIndexHandler: missing index: 8F46B93CA67AC2584A00000000000000
[11/12/18 7:09:02 PM]: Local index missing: 8F46B93CA67AC2584A6333F5BE629630
[11/12/18 7:09:02 PM]: LocalIndexHandler: missing index: C6E624769AA5987C9E00000000000000
[11/12/18 7:09:02 PM]: Local index missing: C6E624769AA5987C9EACFA5B10492026
[11/12/18 7:09:02 PM]: LocalIndexHandler: missing index: 33FCC7A617CE4AC09000000000000000
[11/12/18 7:09:02 PM]: Local index missing: 33FCC7A617CE4AC0909691C13DD45E24
[11/12/18 7:09:02 PM]: LocalIndexHandler: missing index: AF26F852F12EA27FCD00000000000000
[11/12/18 7:09:02 PM]: Local index missing: AF26F852F12EA27FCD5C3BBC30432D10
[11/12/18 7:09:02 PM]: LocalIndexHandler: missing index: F85A58B53FE41C0BDE00000000000000
[11/12/18 7:09:02 PM]: Local index missing: F85A58B53FE41C0BDEF974B1156D142E
[11/12/18 7:09:02 PM]: LocalIndexHandler: missing index: 5718C1AD91E1DC181300000000000000
[11/12/18 7:09:02 PM]: Local index missing: 5718C1AD91E1DC1813FEF53A31D245CB
[11/12/18 7:09:02 PM]: LocalIndexHandler: missing index: 3994B5E5B07D6318DE00000000000000
[11/12/18 7:09:02 PM]: Local index missing: 3994B5E5B07D6318DEBA161311FB2101
[11/12/18 7:09:02 PM]: LocalIndexHandler: missing index: 0D56AFE8E8EB8BADFD00000000000000
[11/12/18 7:09:02 PM]: Local index missing: 0D56AFE8E8EB8BADFDF72CD397B2CC4F
[11/12/18 7:09:02 PM]: LocalIndexHandler: missing index: 8E73F268DCD87D78CE00000000000000
[11/12/18 7:09:02 PM]: Local index missing: 8E73F268DCD87D78CEAD285066AF1228
[11/12/18 7:09:03 PM]: LocalIndexHandler: missing index: AF41EF45A7E2FC8CF300000000000000
[11/12/18 7:09:03 PM]: Local index missing: AF41EF45A7E2FC8CF3BE0FE997980A1D
[11/12/18 7:09:03 PM]: LocalIndexHandler: missing index: BE0CBB736E34B5D9D800000000000000
[11/12/18 7:09:03 PM]: Local index missing: BE0CBB736E34B5D9D849A42BE3E22BF7
[11/12/18 7:09:03 PM]: LocalIndexHandler: missing index: D718B7579BE023F09E00000000000000
[11/12/18 7:09:03 PM]: Local index missing: D718B7579BE023F09E7CD10CBEBFFCB6
[11/12/18 7:09:03 PM]: LocalIndexHandler: missing index: 81D78A3045A88178B600000000000000
[11/12/18 7:09:03 PM]: Local index missing: 81D78A3045A88178B682D8B1847159A8
[11/12/18 7:09:03 PM]: LocalIndexHandler: missing index: 0CF97A0131133347C400000000000000
[11/12/18 7:09:03 PM]: Local index missing: 0CF97A0131133347C4AF855426967852
[11/12/18 7:09:03 PM]: LocalIndexHandler: missing index: 8ABEFFE7EAA6E1CC6F00000000000000
[11/12/18 7:09:03 PM]: Local index missing: 8ABEFFE7EAA6E1CC6F6E03BC28183E10
[11/12/18 7:09:03 PM]: LocalIndexHandler: missing index: 96055F2A93C65BBFD200000000000000
[11/12/18 7:09:03 PM]: Local index missing: 96055F2A93C65BBFD24D60D0B01F4866
[11/12/18 7:09:03 PM]: LocalIndexHandler: missing index: 10BD1034797C9DBCAD00000000000000
[11/12/18 7:09:03 PM]: Local index missing: 10BD1034797C9DBCADF5BE344217A117
[11/12/18 7:09:03 PM]: LocalIndexHandler: missing index: 44AA053969A004D59A00000000000000
[11/12/18 7:09:03 PM]: Local index missing: 44AA053969A004D59AF0E971A2B355F7
[11/12/18 7:09:03 PM]: LocalIndexHandler: missing index: 91EBBB66513BF6C9FC00000000000000
[11/12/18 7:09:03 PM]: Local index missing: 91EBBB66513BF6C9FCCEF4913BAD814F
[11/12/18 7:09:03 PM]: LocalIndexHandler: missing index: 65BBE5BA7AB5A5E33B00000000000000
[11/12/18 7:09:03 PM]: Local index missing: 65BBE5BA7AB5A5E33B8ED1D3F14FC0F6
[11/12/18 7:09:03 PM]: LocalIndexHandler: missing index: 4EB51E5FA04602FC2600000000000000
[11/12/18 7:09:03 PM]: Local index missing: 4EB51E5FA04602FC2624CE2B25A302B5
[11/12/18 7:09:03 PM]: LocalIndexHandler: missing index: C06FE5AD5D097C8C2E00000000000000
[11/12/18 7:09:03 PM]: Local index missing: C06FE5AD5D097C8C2E69712EA1A0CBB7
[11/12/18 7:09:04 PM]: LocalIndexHandler: missing index: 6136D8B2F3FCBFB22B00000000000000
[11/12/18 7:09:04 PM]: Local index missing: 6136D8B2F3FCBFB22BEAEDCD5FF074B4
[11/12/18 7:09:04 PM]: LocalIndexHandler: missing index: 1349E641FB31CF35F200000000000000
[11/12/18 7:09:04 PM]: Local index missing: 1349E641FB31CF35F278FEBDCA9845A2
[11/12/18 7:09:04 PM]: LocalIndexHandler: missing index: F7BDA45D9C7360C94700000000000000
[11/12/18 7:09:04 PM]: Local index missing: F7BDA45D9C7360C947E0FF5248A17054
[11/12/18 7:09:04 PM]: LocalIndexHandler: missing index: 493A06D97FCB5A3EC600000000000000
[11/12/18 7:09:04 PM]: Local index missing: 493A06D97FCB5A3EC6849C87F4533C02
[11/12/18 7:09:04 PM]: LocalIndexHandler: missing index: 55EA0F84E1EB32648400000000000000
[11/12/18 7:09:04 PM]: Local index missing: 55EA0F84E1EB326484DDC2B9241F3525
[11/12/18 7:09:04 PM]: LocalIndexHandler: missing index: 8C3AB6B3A19FC39F5C00000000000000
[11/12/18 7:09:04 PM]: Local index missing: 8C3AB6B3A19FC39F5C353EC8FA84039F
[11/12/18 7:09:04 PM]: LocalIndexHandler: missing index: F88FF641F2C07CF57600000000000000
[11/12/18 7:09:04 PM]: Local index missing: F88FF641F2C07CF5767070B0F95F726A
[11/12/18 7:09:04 PM]: LocalIndexHandler: missing index: E54526DF8A6B17D22A00000000000000
[11/12/18 7:09:04 PM]: Local index missing: E54526DF8A6B17D22A441DA868ADCC4E
[11/12/18 7:09:04 PM]: LocalIndexHandler: missing index: 8DE6379BBFE21C36A900000000000000
[11/12/18 7:09:04 PM]: Local index missing: 8DE6379BBFE21C36A98730676AA67FFB
[11/12/18 7:09:04 PM]: LocalIndexHandler: missing index: E761817C108570463A00000000000000
[11/12/18 7:09:04 PM]: Local index missing: E761817C108570463AEC4304C9B3AD8B
[11/12/18 7:09:04 PM]: LocalIndexHandler: missing index: A1471F72DD2B56C6E200000000000000
[11/12/18 7:09:04 PM]: Local index missing: A1471F72DD2B56C6E212692E8D323D2D
[11/12/18 7:09:47 PM]: LocalIndexHandler: missing index: 0B73F1A4100A1DAABB00000000000000
[11/12/18 7:09:47 PM]: Local index missing: 0B73F1A4100A1DAABB271CC4A23FA1BE
[11/12/18 7:09:48 PM]: LocalIndexHandler: missing index: 280545D00A8244080E00000000000000
[11/12/18 7:09:48 PM]: Local index missing: 280545D00A8244080EBEA14921F98284
[11/12/18 7:09:50 PM]: LocalIndexHandler: missing index: F6FA512FD6FBD1141A00000000000000
[11/12/18 7:09:50 PM]: Local index missing: F6FA512FD6FBD1141ADDCE2FB40AC4A9
[11/12/18 7:09:50 PM]: LocalIndexHandler: missing index: 35077774811F09303A00000000000000
[11/12/18 7:09:50 PM]: Local index missing: 35077774811F09303AED6CAAB499A7D2
[11/12/18 7:09:50 PM]: LocalIndexHandler: missing index: 734E891AF4E56D70C000000000000000
[11/12/18 7:09:50 PM]: Local index missing: 734E891AF4E56D70C00B1BB5FE2F9339
[11/12/18 7:09:50 PM]: LocalIndexHandler: missing index: 2E349235765419A97A00000000000000
[11/12/18 7:09:50 PM]: Local index missing: 2E349235765419A97AE234F84C6BA794
[11/12/18 7:09:50 PM]: LocalIndexHandler: missing index: 95EAC0125F59D4CFD200000000000000
[11/12/18 7:09:50 PM]: Local index missing: 95EAC0125F59D4CFD2D3B228A9CD332C
[11/12/18 7:09:50 PM]: LocalIndexHandler: missing index: 46F19A30C2FBA6273900000000000000
[11/12/18 7:09:50 PM]: Local index missing: 46F19A30C2FBA62739FCF5EBE5859EFA
[11/12/18 7:09:50 PM]: LocalIndexHandler: missing index: 95BC35D850BD664BB600000000000000
[11/12/18 7:09:50 PM]: Local index missing: 95BC35D850BD664BB66CE56D78F59BB3
[11/12/18 7:09:50 PM]: LocalIndexHandler: missing index: A8C9D7F013FDD1EB3100000000000000
[11/12/18 7:09:50 PM]: Local index missing: A8C9D7F013FDD1EB318C560DB7466909
[11/12/18 7:09:51 PM]: LocalIndexHandler: missing index: 2F71118659023741E500000000000000
[11/12/18 7:09:51 PM]: Local index missing: 2F71118659023741E5E1900BD8787DD2
[11/12/18 7:09:51 PM]: LocalIndexHandler: missing index: F8161FB7904090BB4400000000000000
[11/12/18 7:09:51 PM]: Local index missing: F8161FB7904090BB4448092E8E51EED7
[11/12/18 7:09:51 PM]: LocalIndexHandler: missing index: 9EEC33E6C3CE9278AC00000000000000
[11/12/18 7:09:51 PM]: Local index missing: 9EEC33E6C3CE9278AC6EF5A75AD585B8
[11/12/18 7:09:51 PM]: LocalIndexHandler: missing index: D9F98803FEEDBDF85B00000000000000
[11/12/18 7:09:51 PM]: Local index missing: D9F98803FEEDBDF85BB419E80B871B02
[11/12/18 7:09:51 PM]: LocalIndexHandler: missing index: EE0055A7E0FA2DA4D700000000000000
[11/12/18 7:09:51 PM]: Local index missing: EE0055A7E0FA2DA4D755452343E63364
[11/12/18 7:09:51 PM]: LocalIndexHandler: missing index: 25370CEB99BA5F910600000000000000
[11/12/18 7:09:51 PM]: Local index missing: 25370CEB99BA5F91067D0DBF58841288
[11/12/18 7:09:51 PM]: LocalIndexHandler: missing index: A39A7314EFEEEE358500000000000000
[11/12/18 7:09:51 PM]: Local index missing: A39A7314EFEEEE358526758CD1C6FC3D
[11/12/18 7:09:51 PM]: LocalIndexHandler: missing index: 7BFFF98562D93E79CB00000000000000
[11/12/18 7:09:51 PM]: Local index missing: 7BFFF98562D93E79CB929D15DB517529
[11/12/18 7:09:51 PM]: LocalIndexHandler: missing index: FF2A669546B7B0579800000000000000
[11/12/18 7:09:51 PM]: Local index missing: FF2A669546B7B057987C8D76CAA6E46D
[11/12/18 7:09:52 PM]: LocalIndexHandler: missing index: EA07E0A3BD1473588F00000000000000
[11/12/18 7:09:52 PM]: Local index missing: EA07E0A3BD1473588F6784CB1D2D16FB
[11/12/18 7:09:52 PM]: LocalIndexHandler: missing index: 37833D447EEB94A31900000000000000
[11/12/18 7:09:52 PM]: Local index missing: 37833D447EEB94A319E36DB084E45C41
[11/12/18 7:09:52 PM]: LocalIndexHandler: missing index: BB22D79CB621BE754F00000000000000
[11/12/18 7:09:52 PM]: Local index missing: BB22D79CB621BE754F10BC7202A745F5
[11/12/18 7:09:52 PM]: LocalIndexHandler: missing index: 129E4D0968D564D0CE00000000000000
[11/12/18 7:09:52 PM]: Local index missing: 129E4D0968D564D0CE05B55D3F980F71
[11/12/18 7:09:52 PM]: LocalIndexHandler: missing index: 17438FD640F86B858200000000000000
[11/12/18 7:09:52 PM]: Local index missing: 17438FD640F86B858291AF3651E98903
[11/12/18 7:09:52 PM]: LocalIndexHandler: missing index: 3489B788EEE0BA954800000000000000
[11/12/18 7:09:52 PM]: Local index missing: 3489B788EEE0BA95481F5BBF2D6735C5
[11/12/18 7:09:52 PM]: LocalIndexHandler: missing index: 158104A067419F729100000000000000
[11/12/18 7:09:52 PM]: Local index missing: 158104A067419F729198B8F8A3302563
[11/12/18 7:09:52 PM]: LocalIndexHandler: missing index: 25F31EEAE9F8B20F3F00000000000000
[11/12/18 7:09:52 PM]: Local index missing: 25F31EEAE9F8B20F3F2703745523C668
[11/12/18 7:09:53 PM]: LocalIndexHandler: missing index: 9F1009DEB3F7B1D78200000000000000
[11/12/18 7:09:53 PM]: Local index missing: 9F1009DEB3F7B1D782ACA1EE0B457C0D
[11/12/18 7:09:53 PM]: LocalIndexHandler: missing index: A9F102188324B998E100000000000000
[11/12/18 7:09:53 PM]: Local index missing: A9F102188324B998E147FC35778C8A02
[11/12/18 7:09:53 PM]: LocalIndexHandler: missing index: 8EDF163E86D90A4FF100000000000000
[11/12/18 7:09:53 PM]: Local index missing: 8EDF163E86D90A4FF1AF51EA0089BE55
[11/12/18 7:09:53 PM]: LocalIndexHandler: missing index: 83A65665559307306000000000000000
[11/12/18 7:09:53 PM]: Local index missing: 83A656655593073060410C9EF01CF09F
[11/12/18 7:09:53 PM]: LocalIndexHandler: missing index: DA5E6D20ED4D2C72AF00000000000000
[11/12/18 7:09:53 PM]: Local index missing: DA5E6D20ED4D2C72AF6024BC7575B012
[11/12/18 7:09:53 PM]: LocalIndexHandler: missing index: 19B461F9BB0229DA0800000000000000
[11/12/18 7:09:53 PM]: Local index missing: 19B461F9BB0229DA08C57010453D1067
[11/12/18 7:09:53 PM]: LocalIndexHandler: missing index: FDE797E73C7350E6CC00000000000000
[11/12/18 7:09:53 PM]: Local index missing: FDE797E73C7350E6CCC21080C7131841
[11/12/18 7:09:53 PM]: LocalIndexHandler: missing index: 76DEA3E90F690C9D5300000000000000
[11/12/18 7:09:53 PM]: Local index missing: 76DEA3E90F690C9D5368CF31B56889FD
[11/12/18 7:09:53 PM]: LocalIndexHandler: missing index: CD0AFE49CFFEDAFC1D00000000000000
[11/12/18 7:09:53 PM]: Local index missing: CD0AFE49CFFEDAFC1DE32B1FF5699A18
[11/12/18 7:09:53 PM]: LocalIndexHandler: missing index: CDBDE85B7FDD81045600000000000000
[11/12/18 7:09:53 PM]: Local index missing: CDBDE85B7FDD81045639F027454E01A3
[11/12/18 7:09:54 PM]: LocalIndexHandler: missing index: CDA1DBB6B6A8F9CF4D00000000000000
[11/12/18 7:09:54 PM]: Local index missing: CDA1DBB6B6A8F9CF4D165DA3A30764EA
[11/12/18 7:09:54 PM]: LocalIndexHandler: missing index: 31EC8555F57A1721CC00000000000000
[11/12/18 7:09:54 PM]: Local index missing: 31EC8555F57A1721CCE6B7F4B7E1A209
[11/12/18 7:09:54 PM]: LocalIndexHandler: missing index: 78EF875CCF97B661C000000000000000
[11/12/18 7:09:54 PM]: Local index missing: 78EF875CCF97B661C0BCB2C60DF3259F
[11/12/18 7:09:54 PM]: LocalIndexHandler: missing index: E45376BA685AA1574300000000000000
[11/12/18 7:09:54 PM]: Local index missing: E45376BA685AA157436C1DBABDFE7FCB
[11/12/18 7:09:54 PM]: LocalIndexHandler: missing index: 09C0053216A3B06D1400000000000000
[11/12/18 7:09:54 PM]: Local index missing: 09C0053216A3B06D143DB7CCE8CEFB6B
[11/12/18 7:09:54 PM]: LocalIndexHandler: missing index: CB9C294CFEF776DE5800000000000000
[11/12/18 7:09:54 PM]: Local index missing: CB9C294CFEF776DE5888F29B2C7C57AC
[11/12/18 7:09:54 PM]: LocalIndexHandler: missing index: D8A6DCE618E0C2AA1700000000000000
[11/12/18 7:09:54 PM]: Local index missing: D8A6DCE618E0C2AA17815780EE0270EB
[11/12/18 7:09:54 PM]: LocalIndexHandler: missing index: 7BC8CD99FFBE8C540500000000000000
[11/12/18 7:09:54 PM]: Local index missing: 7BC8CD99FFBE8C540510634C9D15CC2F
[11/12/18 7:09:54 PM]: LocalIndexHandler: missing index: 7F9BC053DF0147A86900000000000000
[11/12/18 7:09:54 PM]: Local index missing: 7F9BC053DF0147A869CB71DC19AAA379
[11/12/18 7:09:54 PM]: LocalIndexHandler: missing index: C59DAB01F33374C5AB00000000000000
[11/12/18 7:09:54 PM]: Local index missing: C59DAB01F33374C5AB9C083C7474F13E
[11/12/18 7:09:54 PM]: LocalIndexHandler: missing index: 4552EC9EA4480822EE00000000000000
[11/12/18 7:09:54 PM]: Local index missing: 4552EC9EA4480822EEA26BF82519F9F6
[11/12/18 7:09:54 PM]: LocalIndexHandler: missing index: 5918661909C664298800000000000000
[11/12/18 7:09:54 PM]: Local index missing: 5918661909C6642988347758ABBD4932
[11/12/18 7:09:54 PM]: LocalIndexHandler: missing index: 37EC04FF5C0382C9C700000000000000
[11/12/18 7:09:54 PM]: Local index missing: 37EC04FF5C0382C9C73BB55FAD725F92
[11/12/18 7:09:55 PM]: LocalIndexHandler: missing index: 5BEF302F4857F9A87600000000000000
[11/12/18 7:09:55 PM]: Local index missing: 5BEF302F4857F9A876FAE904A6540301
[11/12/18 7:09:55 PM]: LocalIndexHandler: missing index: 1B2FD2651D0DD0EC6000000000000000
[11/12/18 7:09:55 PM]: Local index missing: 1B2FD2651D0DD0EC60A0F17246045762
[11/12/18 7:09:55 PM]: LocalIndexHandler: missing index: C9E5B18BAFF559CDFC00000000000000
[11/12/18 7:09:55 PM]: Local index missing: C9E5B18BAFF559CDFCD5E1FC7B768BEB
[11/12/18 7:09:55 PM]: LocalIndexHandler: missing index: 839700BAB2EA7B7A0000000000000000
[11/12/18 7:09:55 PM]: Local index missing: 839700BAB2EA7B7A005CC18CA105C06E
[11/12/18 7:09:55 PM]: LocalIndexHandler: missing index: 2A82C01D6D3987AE8300000000000000
[11/12/18 7:09:55 PM]: Local index missing: 2A82C01D6D3987AE8399C569AF0E0918
[11/12/18 7:09:55 PM]: LocalIndexHandler: missing index: 32E824955C8823117300000000000000
[11/12/18 7:09:55 PM]: Local index missing: 32E824955C88231173CEF260BD90C005
[11/12/18 7:09:55 PM]: LocalIndexHandler: missing index: DD0BA81779C83B4B1700000000000000
[11/12/18 7:09:55 PM]: Local index missing: DD0BA81779C83B4B17F38318E1AB84B3
[11/12/18 7:09:55 PM]: LocalIndexHandler: missing index: 9EB00A84726DFDC5B900000000000000
[11/12/18 7:09:55 PM]: Local index missing: 9EB00A84726DFDC5B9472A6DF3777BF0
[11/12/18 7:09:55 PM]: LocalIndexHandler: missing index: 5811F8DBE0C9C5A30500000000000000
[11/12/18 7:09:55 PM]: Local index missing: 5811F8DBE0C9C5A3057CF39D92EFF0DE
[11/12/18 7:09:55 PM]: LocalIndexHandler: missing index: FFA0118D9BF986C7C300000000000000
[11/12/18 7:09:55 PM]: Local index missing: FFA0118D9BF986C7C3A99D5361C5B915
[11/12/18 7:09:55 PM]: LocalIndexHandler: missing index: 4A866C356999F5CB1700000000000000
[11/12/18 7:09:55 PM]: Local index missing: 4A866C356999F5CB174B31C7EBC8FB06
[11/12/18 7:09:55 PM]: LocalIndexHandler: missing index: 9A8064E2CFC61B029800000000000000
[11/12/18 7:09:55 PM]: Local index missing: 9A8064E2CFC61B0298EB1972F34A9FB0
[11/12/18 7:09:56 PM]: LocalIndexHandler: missing index: 6FEBC23ABC4C54393600000000000000
[11/12/18 7:09:56 PM]: Local index missing: 6FEBC23ABC4C5439366F387861BE6B9B
[11/12/18 7:09:56 PM]: LocalIndexHandler: missing index: 20F3682EA9A5F2DF5500000000000000
[11/12/18 7:09:56 PM]: Local index missing: 20F3682EA9A5F2DF55211FE3BC68D452
[11/12/18 7:09:56 PM]: LocalIndexHandler: missing index: 6600D0CA813A20414000000000000000
[11/12/18 7:09:56 PM]: Local index missing: 6600D0CA813A204140D01A1BB16C5885
[11/12/18 7:10:42 PM]: LocalIndexHandler: missing index: 4322D9D916FD43436200000000000000
[11/12/18 7:10:42 PM]: Local index missing: 4322D9D916FD434362DEEA773E17D9DB
[11/12/18 7:10:42 PM]: LocalIndexHandler: missing index: C76084DF08B2DC3C1B00000000000000
[11/12/18 7:10:42 PM]: Local index missing: C76084DF08B2DC3C1B21B026B6767D99
[11/12/18 7:10:45 PM]: LocalIndexHandler: missing index: 6D0B06E97E278F25DE00000000000000
[11/12/18 7:10:45 PM]: Local index missing: 6D0B06E97E278F25DE412D54291F81BF
[11/12/18 7:10:45 PM]: LocalIndexHandler: missing index: 1268D7323D6E7F981300000000000000
[11/12/18 7:10:45 PM]: Local index missing: 1268D7323D6E7F9813C00C9A9B234A5F
[11/12/18 7:10:45 PM]: LocalIndexHandler: missing index: D6335B910C59473FAD00000000000000
[11/12/18 7:10:45 PM]: Local index missing: D6335B910C59473FAD9E9396ED3A870B
[11/12/18 7:10:45 PM]: LocalIndexHandler: missing index: 04757E3979A9C01B4C00000000000000
[11/12/18 7:10:45 PM]: Local index missing: 04757E3979A9C01B4C4468F76C443D44
[11/12/18 7:10:45 PM]: LocalIndexHandler: missing index: 6BCC2296749B78353400000000000000
[11/12/18 7:10:45 PM]: Local index missing: 6BCC2296749B783534A4702CDE2E9F4A
[11/12/18 7:10:45 PM]: LocalIndexHandler: missing index: 9007845251E2BDD71100000000000000
[11/12/18 7:10:45 PM]: Local index missing: 9007845251E2BDD711DC0E26B54B8BAB
[11/12/18 7:10:45 PM]: LocalIndexHandler: missing index: C6AD75C6EF3276AA5C00000000000000
[11/12/18 7:10:45 PM]: Local index missing: C6AD75C6EF3276AA5CE8BA7D44939158
[11/12/18 7:10:45 PM]: LocalIndexHandler: missing index: F78DF5B7047062E06800000000000000
[11/12/18 7:10:45 PM]: Local index missing: F78DF5B7047062E06836805BB512468C
[11/12/18 7:10:45 PM]: LocalIndexHandler: missing index: 6E5CB784A0F683B62D00000000000000
[11/12/18 7:10:45 PM]: Local index missing: 6E5CB784A0F683B62D6954D67029E14D
[11/12/18 7:10:46 PM]: LocalIndexHandler: missing index: 6814DD7255F9ED64C200000000000000
[11/12/18 7:10:46 PM]: Local index missing: 6814DD7255F9ED64C2EC3435D2883D7B
[11/12/18 7:10:46 PM]: LocalIndexHandler: missing index: DE44D8CDF60C38479E00000000000000
[11/12/18 7:10:46 PM]: Local index missing: DE44D8CDF60C38479E1429EE61AA1951
[11/12/18 7:10:46 PM]: LocalIndexHandler: missing index: C1C4DC34E46CD0E34300000000000000
[11/12/18 7:10:46 PM]: Local index missing: C1C4DC34E46CD0E343EC267750990A03
[11/12/18 7:10:46 PM]: LocalIndexHandler: missing index: 9787F08774F4A3E50A00000000000000
[11/12/18 7:10:46 PM]: Local index missing: 9787F08774F4A3E50AD2D02C2E468F68
[11/12/18 7:10:46 PM]: LocalIndexHandler: missing index: B5291D4B71989217E400000000000000
[11/12/18 7:10:46 PM]: Local index missing: B5291D4B71989217E4D44C460633CE01
[11/12/18 7:10:46 PM]: LocalIndexHandler: missing index: 7A5750BD4A491C482500000000000000
[11/12/18 7:10:46 PM]: Local index missing: 7A5750BD4A491C4825FD4BD91088204D
[11/12/18 7:10:46 PM]: LocalIndexHandler: missing index: DE85177AA94E71841300000000000000
[11/12/18 7:10:46 PM]: Local index missing: DE85177AA94E718413EC3E78ECD96D14
[11/12/18 7:10:46 PM]: LocalIndexHandler: missing index: 9B6A1B0575A671BB7B00000000000000
[11/12/18 7:10:46 PM]: Local index missing: 9B6A1B0575A671BB7B0B68B34FCAEF63
[11/12/18 7:10:46 PM]: LocalIndexHandler: missing index: 7806AA3C20B35B1C6100000000000000
[11/12/18 7:10:46 PM]: Local index missing: 7806AA3C20B35B1C6168113243DE5E3B
[11/12/18 7:10:47 PM]: LocalIndexHandler: missing index: A435D97213E6DE44D500000000000000
[11/12/18 7:10:47 PM]: Local index missing: A435D97213E6DE44D51B64AB76622F14
[11/12/18 7:10:47 PM]: LocalIndexHandler: missing index: 418D026CFD49E566D400000000000000
[11/12/18 7:10:47 PM]: Local index missing: 418D026CFD49E566D4C9ED29E425F91E
[11/12/18 7:10:47 PM]: LocalIndexHandler: missing index: 80612C3860A66D3BFC00000000000000
[11/12/18 7:10:47 PM]: Local index missing: 80612C3860A66D3BFC67AAA58081D43D
[11/12/18 7:10:47 PM]: LocalIndexHandler: missing index: 1E71F8AA10F29704BC00000000000000
[11/12/18 7:10:47 PM]: Local index missing: 1E71F8AA10F29704BC311CB6C779D854
[11/12/18 7:10:47 PM]: LocalIndexHandler: missing index: 2144FCF9848B36FC2F00000000000000
[11/12/18 7:10:47 PM]: Local index missing: 2144FCF9848B36FC2F1320CC896E46C0
[11/12/18 7:10:47 PM]: LocalIndexHandler: missing index: 7FE1E66BAC31830DFF00000000000000
[11/12/18 7:10:47 PM]: Local index missing: 7FE1E66BAC31830DFF999F6FD91A00E4
[11/12/18 7:10:47 PM]: LocalIndexHandler: missing index: 2E729A9ADE7BA7DF5000000000000000
[11/12/18 7:10:47 PM]: Local index missing: 2E729A9ADE7BA7DF50021A67F8642835
[11/12/18 7:10:47 PM]: LocalIndexHandler: missing index: B857066E02097508D700000000000000
[11/12/18 7:10:47 PM]: Local index missing: B857066E02097508D7C62DC503B0FC90
[11/12/18 7:10:47 PM]: LocalIndexHandler: missing index: 94F1A8A67BB987FAC000000000000000
[11/12/18 7:10:47 PM]: Local index missing: 94F1A8A67BB987FAC02ED9E85F440CBD
[11/12/18 7:10:47 PM]: LocalIndexHandler: missing index: 156F754B69008D8B8400000000000000
[11/12/18 7:10:47 PM]: Local index missing: 156F754B69008D8B84FB1A2CEE5760C3
[11/12/18 7:10:48 PM]: LocalIndexHandler: missing index: 0534FF8A4CBEAD451900000000000000
[11/12/18 7:10:48 PM]: Local index missing: 0534FF8A4CBEAD45193E4845C1B55B65
[11/12/18 7:10:48 PM]: LocalIndexHandler: missing index: F48680C332C6A1AA4A00000000000000
[11/12/18 7:10:48 PM]: Local index missing: F48680C332C6A1AA4AF735F1D61C7D37
[11/12/18 7:10:48 PM]: LocalIndexHandler: missing index: 55D016D14A4B52984E00000000000000
[11/12/18 7:10:48 PM]: Local index missing: 55D016D14A4B52984E437E2B0A3A051D
[11/12/18 7:10:48 PM]: LocalIndexHandler: missing index: CCD9E0748290AFBD7700000000000000
[11/12/18 7:10:48 PM]: Local index missing: CCD9E0748290AFBD77FA6B74F882F747
[11/12/18 7:10:48 PM]: LocalIndexHandler: missing index: DC7F7A3A4C3DE769D100000000000000
[11/12/18 7:10:48 PM]: Local index missing: DC7F7A3A4C3DE769D1CAAA38B1002945
[11/12/18 7:10:48 PM]: LocalIndexHandler: missing index: 6DAE538A627CA51E1C00000000000000
[11/12/18 7:10:48 PM]: Local index missing: 6DAE538A627CA51E1C4892A4A4650AD1
[11/12/18 7:10:48 PM]: LocalIndexHandler: missing index: DAB7283740F2F210A600000000000000
[11/12/18 7:10:48 PM]: Local index missing: DAB7283740F2F210A6E3088D71FE1642
[11/12/18 7:10:48 PM]: LocalIndexHandler: missing index: 6269DF41DD5C45D45100000000000000
[11/12/18 7:10:48 PM]: Local index missing: 6269DF41DD5C45D4512ED6B0D3DC31C3
[11/12/18 7:10:48 PM]: LocalIndexHandler: missing index: B50FE56B92DF2C31A800000000000000
[11/12/18 7:10:48 PM]: Local index missing: B50FE56B92DF2C31A8214A43CD548DDE
[11/12/18 7:10:48 PM]: LocalIndexHandler: missing index: 502F9ECDAA95EBA81200000000000000
[11/12/18 7:10:48 PM]: Local index missing: 502F9ECDAA95EBA812DF115067A9BCFE
[11/12/18 7:10:48 PM]: LocalIndexHandler: missing index: 352123443AE6F2504800000000000000
[11/12/18 7:10:48 PM]: Local index missing: 352123443AE6F25048DBE26D20DB689B
[11/12/18 7:10:48 PM]: LocalIndexHandler: missing index: EA3F16FA5FD867167300000000000000
[11/12/18 7:10:48 PM]: Local index missing: EA3F16FA5FD86716735A4E35C6D2990E
[11/12/18 7:10:49 PM]: LocalIndexHandler: missing index: 60369DCD575A2DB7DD00000000000000
[11/12/18 7:10:49 PM]: Local index missing: 60369DCD575A2DB7DD00D5FE04A2B39A
[11/12/18 7:10:49 PM]: LocalIndexHandler: missing index: 9FB965D76AD99513E600000000000000
[11/12/18 7:10:49 PM]: Local index missing: 9FB965D76AD99513E6A9A15F7FDF0B03
[11/12/18 7:10:49 PM]: LocalIndexHandler: missing index: AA65145E21F4BFFE0500000000000000
[11/12/18 7:10:49 PM]: Local index missing: AA65145E21F4BFFE05C65F9D5CBC8133
[11/12/18 7:10:49 PM]: LocalIndexHandler: missing index: 8CE526EDEBA42A5A3D00000000000000
[11/12/18 7:10:49 PM]: Local index missing: 8CE526EDEBA42A5A3D0CE96DFC58749E
[11/12/18 7:10:49 PM]: LocalIndexHandler: missing index: 436185F1FB437E202400000000000000
[11/12/18 7:10:49 PM]: Local index missing: 436185F1FB437E2024BCB2C4B4A06594
[11/12/18 7:10:49 PM]: LocalIndexHandler: missing index: 954117C3DE195A9DEF00000000000000
[11/12/18 7:10:49 PM]: Local index missing: 954117C3DE195A9DEF8315407038F39F
[11/12/18 7:10:49 PM]: LocalIndexHandler: missing index: 9AA1BDD7541E77CEDC00000000000000
[11/12/18 7:10:49 PM]: Local index missing: 9AA1BDD7541E77CEDCEA0BED0758948D
[11/12/18 7:10:49 PM]: LocalIndexHandler: missing index: C59FB48D24A89FE56400000000000000
[11/12/18 7:10:49 PM]: Local index missing: C59FB48D24A89FE56400C7CCCFB0FBEE
[11/12/18 7:10:49 PM]: LocalIndexHandler: missing index: 5F03C49B8191CAC4C400000000000000
[11/12/18 7:10:49 PM]: Local index missing: 5F03C49B8191CAC4C47BFCB03692DC94
[11/12/18 7:10:49 PM]: LocalIndexHandler: missing index: 4FC8D4DF934D82DB8500000000000000
[11/12/18 7:10:49 PM]: Local index missing: 4FC8D4DF934D82DB85D37CAF5B7DFEE5
[11/12/18 7:10:49 PM]: LocalIndexHandler: missing index: B0672E66BE01B0C4BD00000000000000
[11/12/18 7:10:49 PM]: Local index missing: B0672E66BE01B0C4BDC5947ED40F10EF
[11/12/18 7:10:49 PM]: LocalIndexHandler: missing index: A4DD370DA8E62C3F0300000000000000
[11/12/18 7:10:49 PM]: Local index missing: A4DD370DA8E62C3F036DD8C199EA8E5C
[11/12/18 7:10:50 PM]: LocalIndexHandler: missing index: 1F5AF54033E7D0DA8F00000000000000
[11/12/18 7:10:50 PM]: Local index missing: 1F5AF54033E7D0DA8FA1B1634C73CD96
[11/12/18 7:10:50 PM]: LocalIndexHandler: missing index: BF05256956C474AC0500000000000000
[11/12/18 7:10:50 PM]: Local index missing: BF05256956C474AC05666102D60F1647
[11/12/18 7:10:50 PM]: LocalIndexHandler: missing index: C77022583BA722D3F700000000000000
[11/12/18 7:10:50 PM]: Local index missing: C77022583BA722D3F7D0B4C25D5CF3EE
[11/12/18 7:10:50 PM]: LocalIndexHandler: missing index: 3169327BC83C12190300000000000000
[11/12/18 7:10:50 PM]: Local index missing: 3169327BC83C121903F5DE772542839D
[11/12/18 7:10:50 PM]: LocalIndexHandler: missing index: 4C33A3356AF3EA597900000000000000
[11/12/18 7:10:50 PM]: Local index missing: 4C33A3356AF3EA59795DC4A8353D3088
[11/12/18 7:10:50 PM]: LocalIndexHandler: missing index: 3B54B22F5180117C7A00000000000000
[11/12/18 7:10:50 PM]: Local index missing: 3B54B22F5180117C7A6E76DBF2D458F4
[11/12/18 7:10:50 PM]: LocalIndexHandler: missing index: 137C739ABA82F677ED00000000000000
[11/12/18 7:10:50 PM]: Local index missing: 137C739ABA82F677ED3584FE8935C5AB
[11/12/18 7:10:50 PM]: LocalIndexHandler: missing index: 125886372827B3A72600000000000000
[11/12/18 7:10:50 PM]: Local index missing: 125886372827B3A726C81255D191699A
[11/12/18 7:10:50 PM]: LocalIndexHandler: missing index: 82B5E306127464129E00000000000000
[11/12/18 7:10:50 PM]: Local index missing: 82B5E306127464129E036420282AC027
[11/12/18 7:10:50 PM]: LocalIndexHandler: missing index: 78D5C3E64774B52FD500000000000000
[11/12/18 7:10:50 PM]: Local index missing: 78D5C3E64774B52FD5A64315859A4D49
[11/12/18 7:10:50 PM]: LocalIndexHandler: missing index: 724CB332167AF66E2900000000000000
[11/12/18 7:10:50 PM]: Local index missing: 724CB332167AF66E29AB031BB8C42758
[11/12/18 7:11:28 PM]: LocalIndexHandler: missing index: EC5EAB2C2B7153B4C900000000000000
[11/12/18 7:11:28 PM]: Local index missing: EC5EAB2C2B7153B4C961AE26E9D69EA2
[11/12/18 7:11:29 PM]: LocalIndexHandler: missing index: 436BB85E72F8E70B5A00000000000000
[11/12/18 7:11:29 PM]: Local index missing: 436BB85E72F8E70B5AD574CE5A349B61
[11/12/18 7:11:32 PM]: LocalIndexHandler: missing index: 6C668DCEBF097CC6E200000000000000
[11/12/18 7:11:32 PM]: Local index missing: 6C668DCEBF097CC6E222E1BDAE614A5D
[11/12/18 7:11:32 PM]: LocalIndexHandler: missing index: A584763EF095FC1DE100000000000000
[11/12/18 7:11:32 PM]: Local index missing: A584763EF095FC1DE161B650D07579D7
[11/12/18 7:11:32 PM]: LocalIndexHandler: missing index: 60590BB8E62477006800000000000000
[11/12/18 7:11:32 PM]: Local index missing: 60590BB8E624770068416A942293D24F
[11/12/18 7:11:32 PM]: LocalIndexHandler: missing index: 1B41818996F58B5EF800000000000000
[11/12/18 7:11:32 PM]: Local index missing: 1B41818996F58B5EF8D89EEC904AC049
[11/12/18 7:11:32 PM]: LocalIndexHandler: missing index: 5922C6B1361A3283CD00000000000000
[11/12/18 7:11:32 PM]: Local index missing: 5922C6B1361A3283CD1E45B0F7F0DDD4
[11/12/18 7:11:32 PM]: LocalIndexHandler: missing index: 9164C083A365354AE700000000000000
[11/12/18 7:11:32 PM]: Local index missing: 9164C083A365354AE7DDFFB6086A70EF
[11/12/18 7:11:32 PM]: LocalIndexHandler: missing index: 79BF2FDF305FA9F36000000000000000
[11/12/18 7:11:32 PM]: Local index missing: 79BF2FDF305FA9F360119FC1372666A9
[11/12/18 7:11:32 PM]: LocalIndexHandler: missing index: E71725F56385EC138300000000000000
[11/12/18 7:11:32 PM]: Local index missing: E71725F56385EC13835B2D999FBAFE06
